c:\users\ksw38\desktop\개발\sinabro\sinabro\debug\sinabro.pch
c:\users\ksw38\desktop\개발\sinabro\sinabro\debug\vc141.pdb
c:\users\ksw38\desktop\개발\sinabro\sinabro\debug\vc141.idb
c:\users\ksw38\desktop\개발\sinabro\sinabro\debug\stdafx.obj
c:\users\ksw38\desktop\개발\sinabro\sinabro\debug\accountinfodialog.obj
c:\users\ksw38\desktop\개발\sinabro\sinabro\debug\gridcell.obj
c:\users\ksw38\desktop\개발\sinabro\sinabro\debug\gridcellbase.obj
c:\users\ksw38\desktop\개발\sinabro\sinabro\debug\gridctrl.obj
c:\users\ksw38\desktop\개발\sinabro\sinabro\debug\griddroptarget.obj
c:\users\ksw38\desktop\개발\sinabro\sinabro\debug\inplaceedit.obj
c:\users\ksw38\desktop\개발\sinabro\sinabro\debug\khopenapictrl1.obj
c:\users\ksw38\desktop\개발\sinabro\sinabro\debug\sinabro.obj
c:\users\ksw38\desktop\개발\sinabro\sinabro\debug\sinabroapp.obj
c:\users\ksw38\desktop\개발\sinabro\sinabro\debug\sinabrodialog.obj
c:\users\ksw38\desktop\개발\sinabro\sinabro\debug\sinabroaccountfile.obj
c:\users\ksw38\desktop\개발\sinabro\sinabro\debug\sinabrostock.obj
c:\users\ksw38\desktop\개발\sinabro\sinabro\debug\titletip.obj
c:\users\ksw38\desktop\개발\sinabro\debug\sinabro.ilk
c:\users\ksw38\desktop\개발\sinabro\debug\sinabro.exe
c:\users\ksw38\desktop\개발\sinabro\debug\sinabro.pdb
c:\users\ksw38\desktop\개발\sinabro\sinabro\debug\sinabro.res
c:\users\ksw38\desktop\개발\sinabro\sinabro\debug\sinabro.tlog\cl.command.1.tlog
c:\users\ksw38\desktop\개발\sinabro\sinabro\debug\sinabro.tlog\cl.read.1.tlog
c:\users\ksw38\desktop\개발\sinabro\sinabro\debug\sinabro.tlog\cl.write.1.tlog
c:\users\ksw38\desktop\개발\sinabro\sinabro\debug\sinabro.tlog\link.command.1.tlog
c:\users\ksw38\desktop\개발\sinabro\sinabro\debug\sinabro.tlog\link.read.1.tlog
c:\users\ksw38\desktop\개발\sinabro\sinabro\debug\sinabro.tlog\link.write.1.tlog
c:\users\ksw38\desktop\개발\sinabro\sinabro\debug\sinabro.tlog\rc.command.1.tlog
c:\users\ksw38\desktop\개발\sinabro\sinabro\debug\sinabro.tlog\rc.read.1.tlog
c:\users\ksw38\desktop\개발\sinabro\sinabro\debug\sinabro.tlog\rc.write.1.tlog
